<?xml version="1.0" encoding="UTF-8"?>
<!-- Generated by org.testng.reporters.JUnitXMLReporter -->
<testsuite hostname="Samis-MacBook-Pro.local" name="Default test" tests="3" failures="0" timestamp="3 Jun 2019 07:10:46 GMT" time="2.33" errors="0">
  <testcase name="createEmployees3TimesUsingDataProvider" time="1.716" classname="TestNG.DataProvider_Test"/>
  <testcase name="createEmployees3TimesUsingDataProvider" time="0.31" classname="TestNG.DataProvider_Test"/>
  <testcase name="createEmployees3TimesUsingDataProvider" time="0.276" classname="TestNG.DataProvider_Test"/>
</testsuite> <!-- Default test -->
